<?xml version="1.0" encoding="UTF-8"?>
<!-- Generated by org.testng.reporters.JUnitReportReporter -->
<testsuite hostname="Mac-mini-de-FHARO.local" failures="0" tests="1" name="com.selenium.AppTest" time="57.289" errors="0" timestamp="4 Mar 2019 19:47:23 GMT">
  <testcase classname="com.selenium.AppTest" name="run_cukes" time="57.289"/>
</testsuite> <!-- com.selenium.AppTest -->
